14:18:42.685 [main] DEBUG pageObjects.RegisteredUserPage - Registration header is displayed
14:18:42.774 [main] DEBUG pageObjects.RegisteredUserPage - Name entered
14:18:42.795 [main] DEBUG pageObjects.RegisteredUserPage - email entered
14:18:42.824 [main] DEBUG pageObjects.RegisteredUserPage - Sign up CTA clicked
14:18:45.241 [main] DEBUG pageObjects.RegisteredUserPage - Registration page header is displayed
14:18:45.264 [main] DEBUG pageObjects.RegisteredUserPage - Title entered
14:18:45.331 [main] DEBUG pageObjects.RegisteredUserPage - Password entered
14:18:45.376 [main] DEBUG pageObjects.RegisteredUserPage - Day selected
14:18:45.456 [main] DEBUG pageObjects.RegisteredUserPage - Month Selected
14:18:45.528 [main] DEBUG pageObjects.RegisteredUserPage - Year Selected
14:18:45.572 [main] DEBUG pageObjects.RegisteredUserPage - Newsletter selected
14:18:45.597 [main] DEBUG pageObjects.RegisteredUserPage - Offers selected
14:18:45.619 [main] DEBUG pageObjects.RegisteredUserPage - First name of the company entered
14:18:45.642 [main] DEBUG pageObjects.RegisteredUserPage - Last name of the company entered
14:18:45.665 [main] DEBUG pageObjects.RegisteredUserPage - Company name entered
14:18:45.685 [main] DEBUG pageObjects.RegisteredUserPage - House number entered
14:18:45.708 [main] DEBUG pageObjects.RegisteredUserPage - Address line 2 entered
14:18:45.743 [main] DEBUG pageObjects.RegisteredUserPage - Country selected
14:18:45.764 [main] DEBUG pageObjects.RegisteredUserPage - State entered
14:18:45.792 [main] DEBUG pageObjects.RegisteredUserPage - City entered
14:18:45.816 [main] DEBUG pageObjects.RegisteredUserPage - Zipcode entered
14:18:45.840 [main] DEBUG pageObjects.RegisteredUserPage - Mobile number entered
14:18:47.490 [main] DEBUG pageObjects.RegisteredUserPage - Create account cta clicked
14:18:47.500 [main] DEBUG pageObjects.RegisteredUserPage - Account created text is displayed
14:18:50.216 [main] DEBUG pageObjects.RegisteredUserPage - Clicked on continue
14:18:50.226 [main] DEBUG pageObjects.RegisteredUserPage - Logged in as Mohammad ummar
14:18:51.745 [main] DEBUG pageObjects.RegisteredUserPage - Account Deleted
14:18:54.369 [main] DEBUG pageObjects.RegisteredUserPage - Closed the account delete page
14:18:54.480 [main] DEBUG pageObjects.RegisteredUserPage - Session ended
